Archive Project report for dflipflop
Fri Oct 20 15:47:30 2023
Quartus Prime Version 22.1std.2 Build 922 07/20/2023 SC Standard Edition


---------------------
; Table of Contents ;
---------------------
  1. Legal Notice
  2. Archive Project Summary
  3. Archive Project Messages
  4. Files Archived



----------------
; Legal Notice ;
----------------
Copyright (C) 2023  Intel Corporation. All rights reserved.
Your use of Intel Corporation's design tools, logic functions 
and other software and tools, and any partner logic 
functions, and any output files from any of the foregoing 
(including device programming or simulation files), and any 
associated documentation or information are expressly subject 
to the terms and conditions of the Intel Program License 
Subscription Agreement, the Intel Quartus Prime License Agreement,
the Intel FPGA IP License Agreement, or other applicable license
agreement, including, without limitation, that your use is for
the sole purpose of programming logic devices manufactured by
Intel and sold by Intel or its authorized distributors.  Please
refer to the applicable agreement for further details, at
https://fpgasoftware.intel.com/eula.



+----------------------------------------------------------------+
; Archive Project Summary                                        ;
+------------------------+---------------------------------------+
; Archive Project Status ; Successful - Fri Oct 20 15:47:30 2023 ;
; Revision Name          ; dflipflop                             ;
; Top-level Entity Name  ; dflipflop                             ;
; Family                 ; Cyclone V                             ;
+------------------------+---------------------------------------+


+--------------------------+
; Archive Project Messages ;
+--------------------------+
Info: File Set 'Source control' contains:
    Info: Project source and settings files
    Info: Automatically detected source files
Warning: Hierarchical Platform Designer systems and custom IP components(_hw.tcl and associated files) are not archived by the Quartus Archiver
Info: Archive will store files relative to the closest common parent directory
Info (13213): Using common directory C:/Users/marco/OneDrive/Desktop/Lab2/4 iv/
Info: ----------------------------------------------------------
Info: ----------------------------------------------------------
Info: Generated archive 'C:/Users/marco/OneDrive/Desktop/Lab2/4 iv/dflipflop.qar'
Info: ----------------------------------------------------------
Info: ----------------------------------------------------------
Info: Generated report 'dflipflop.archive.rpt'
Info (23030): Evaluation of Tcl script c:/intelfpga/22.1std/quartus/common/tcl/apps/qpm/qar.tcl was successful
Info: Quartus Prime Shell was successful. 0 errors, 1 warning
    Info: Peak virtual memory: 4882 megabytes
    Info: Processing ended: Fri Oct 20 15:47:30 2023
    Info: Elapsed time: 00:00:04
    Info: Total CPU time (on all processors): 00:00:01


+------------------------------------------------------------+
; Files Archived                                             ;
+------------------------------------------------------------+
; File Name                                                  ;
+------------------------------------------------------------+
; c:/intelfpga/22.1std/quartus/bin64/assignment_defaults.qdf ;
; dflipflop.qpf                                              ;
; dflipflop.qsf                                              ;
; dflipflop.v                                                ;
; dflipflop.vwf                                              ;
+------------------------------------------------------------+


