Analysis & Synthesis report for combinationlock
Fri Nov 17 00:24:45 2023
Quartus Prime Version 22.1std.2 Build 922 07/20/2023 SC Standard Edition


---------------------
; Table of Contents ;
---------------------
  1. Legal Notice
  2. Analysis & Synthesis Summary
  3. Analysis & Synthesis Settings
  4. Parallel Compilation
  5. Analysis & Synthesis Source Files Read
  6. Analysis & Synthesis Resource Usage Summary
  7. Analysis & Synthesis Resource Utilization by Entity
  8. State Machine - |combinationlock|statemachine:fsm|state
  9. State Machine - |combinationlock|inputcond:change_conditioning|pulse
 10. State Machine - |combinationlock|inputcond:enter_conditioning|pulse
 11. User-Specified and Inferred Latches
 12. Registers Removed During Synthesis
 13. General Register Statistics
 14. Inverted Register Statistics
 15. Multiplexer Restructuring Statistics (Restructuring Performed)
 16. Parameter Settings for User Entity Instance: inputcond:enter_conditioning
 17. Parameter Settings for User Entity Instance: inputcond:change_conditioning
 18. Parameter Settings for User Entity Instance: statemachine:fsm
 19. Post-Synthesis Netlist Statistics for Top Partition
 20. Elapsed Time Per Partition
 21. Analysis & Synthesis Messages



----------------
; Legal Notice ;
----------------
Copyright (C) 2023  Intel Corporation. All rights reserved.
Your use of Intel Corporation's design tools, logic functions 
and other software and tools, and any partner logic 
functions, and any output files from any of the foregoing 
(including device programming or simulation files), and any 
associated documentation or information are expressly subject 
to the terms and conditions of the Intel Program License 
Subscription Agreement, the Intel Quartus Prime License Agreement,
the Intel FPGA IP License Agreement, or other applicable license
agreement, including, without limitation, that your use is for
the sole purpose of programming logic devices manufactured by
Intel and sold by Intel or its authorized distributors.  Please
refer to the applicable agreement for further details, at
https://fpgasoftware.intel.com/eula.



+--------------------------------------------------------------------------------------+
; Analysis & Synthesis Summary                                                         ;
+---------------------------------+----------------------------------------------------+
; Analysis & Synthesis Status     ; Successful - Fri Nov 17 00:24:45 2023              ;
; Quartus Prime Version           ; 22.1std.2 Build 922 07/20/2023 SC Standard Edition ;
; Revision Name                   ; combinationlock                                    ;
; Top-level Entity Name           ; combinationlock                                    ;
; Family                          ; Cyclone V                                          ;
; Logic utilization (in ALMs)     ; N/A                                                ;
; Total registers                 ; 25                                                 ;
; Total pins                      ; 15                                                 ;
; Total virtual pins              ; 0                                                  ;
; Total block memory bits         ; 0                                                  ;
; Total DSP Blocks                ; 0                                                  ;
; Total HSSI RX PCSs              ; 0                                                  ;
; Total HSSI PMA RX Deserializers ; 0                                                  ;
; Total HSSI TX PCSs              ; 0                                                  ;
; Total HSSI PMA TX Serializers   ; 0                                                  ;
; Total PLLs                      ; 0                                                  ;
; Total DLLs                      ; 0                                                  ;
+---------------------------------+----------------------------------------------------+


+---------------------------------------------------------------------------------------------------------------------------+
; Analysis & Synthesis Settings                                                                                             ;
+---------------------------------------------------------------------------------+--------------------+--------------------+
; Option                                                                          ; Setting            ; Default Value      ;
+---------------------------------------------------------------------------------+--------------------+--------------------+
; Device                                                                          ; 5CSEMA5F31C6       ;                    ;
; Top-level entity name                                                           ; combinationlock    ; combinationlock    ;
; Family name                                                                     ; Cyclone V          ; Cyclone V          ;
; Use smart compilation                                                           ; Off                ; Off                ;
; Enable parallel Assembler and Timing Analyzer during compilation                ; On                 ; On                 ;
; Enable compact report table                                                     ; Off                ; Off                ;
; Restructure Multiplexers                                                        ; Auto               ; Auto               ;
; MLAB Add Timing Constraints For Mixed-Port Feed-Through Mode Setting Don't Care ; Off                ; Off                ;
; Create Debugging Nodes for IP Cores                                             ; Off                ; Off                ;
; Preserve fewer node names                                                       ; On                 ; On                 ;
; Intel FPGA IP Evaluation Mode                                                   ; Enable             ; Enable             ;
; Verilog Version                                                                 ; Verilog_2001       ; Verilog_2001       ;
; VHDL Version                                                                    ; VHDL_1993          ; VHDL_1993          ;
; State Machine Processing                                                        ; Auto               ; Auto               ;
; Safe State Machine                                                              ; Off                ; Off                ;
; Extract Verilog State Machines                                                  ; On                 ; On                 ;
; Extract VHDL State Machines                                                     ; On                 ; On                 ;
; Ignore Verilog initial constructs                                               ; Off                ; Off                ;
; Iteration limit for constant Verilog loops                                      ; 5000               ; 5000               ;
; Iteration limit for non-constant Verilog loops                                  ; 250                ; 250                ;
; Add Pass-Through Logic to Inferred RAMs                                         ; On                 ; On                 ;
; Infer RAMs from Raw Logic                                                       ; On                 ; On                 ;
; Parallel Synthesis                                                              ; On                 ; On                 ;
; DSP Block Balancing                                                             ; Auto               ; Auto               ;
; NOT Gate Push-Back                                                              ; On                 ; On                 ;
; Power-Up Don't Care                                                             ; On                 ; On                 ;
; Remove Redundant Logic Cells                                                    ; Off                ; Off                ;
; Remove Duplicate Registers                                                      ; On                 ; On                 ;
; Ignore CARRY Buffers                                                            ; Off                ; Off                ;
; Ignore CASCADE Buffers                                                          ; Off                ; Off                ;
; Ignore GLOBAL Buffers                                                           ; Off                ; Off                ;
; Ignore ROW GLOBAL Buffers                                                       ; Off                ; Off                ;
; Ignore LCELL Buffers                                                            ; Off                ; Off                ;
; Ignore SOFT Buffers                                                             ; On                 ; On                 ;
; Limit AHDL Integers to 32 Bits                                                  ; Off                ; Off                ;
; Optimization Technique                                                          ; Balanced           ; Balanced           ;
; Carry Chain Length                                                              ; 70                 ; 70                 ;
; Auto Carry Chains                                                               ; On                 ; On                 ;
; Auto Open-Drain Pins                                                            ; On                 ; On                 ;
; Perform WYSIWYG Primitive Resynthesis                                           ; Off                ; Off                ;
; Auto ROM Replacement                                                            ; On                 ; On                 ;
; Auto RAM Replacement                                                            ; On                 ; On                 ;
; Auto DSP Block Replacement                                                      ; On                 ; On                 ;
; Auto Shift Register Replacement                                                 ; Auto               ; Auto               ;
; Allow Shift Register Merging across Hierarchies                                 ; Auto               ; Auto               ;
; Auto Clock Enable Replacement                                                   ; On                 ; On                 ;
; Strict RAM Replacement                                                          ; Off                ; Off                ;
; Allow Synchronous Control Signals                                               ; On                 ; On                 ;
; Force Use of Synchronous Clear Signals                                          ; Off                ; Off                ;
; Auto Resource Sharing                                                           ; Off                ; Off                ;
; Allow Any RAM Size For Recognition                                              ; Off                ; Off                ;
; Allow Any ROM Size For Recognition                                              ; Off                ; Off                ;
; Allow Any Shift Register Size For Recognition                                   ; Off                ; Off                ;
; Use LogicLock Constraints during Resource Balancing                             ; On                 ; On                 ;
; Ignore translate_off and synthesis_off directives                               ; Off                ; Off                ;
; Timing-Driven Synthesis                                                         ; On                 ; On                 ;
; Report Parameter Settings                                                       ; On                 ; On                 ;
; Report Source Assignments                                                       ; On                 ; On                 ;
; Report Connectivity Checks                                                      ; On                 ; On                 ;
; Ignore Maximum Fan-Out Assignments                                              ; Off                ; Off                ;
; Synchronization Register Chain Length                                           ; 3                  ; 3                  ;
; Power Optimization During Synthesis                                             ; Normal compilation ; Normal compilation ;
; HDL message level                                                               ; Level2             ; Level2             ;
; Suppress Register Optimization Related Messages                                 ; Off                ; Off                ;
; Number of Removed Registers Reported in Synthesis Report                        ; 5000               ; 5000               ;
; Number of Swept Nodes Reported in Synthesis Report                              ; 5000               ; 5000               ;
; Number of Inverted Registers Reported in Synthesis Report                       ; 100                ; 100                ;
; Clock MUX Protection                                                            ; On                 ; On                 ;
; Auto Gated Clock Conversion                                                     ; Off                ; Off                ;
; Block Design Naming                                                             ; Auto               ; Auto               ;
; SDC constraint protection                                                       ; Off                ; Off                ;
; Synthesis Effort                                                                ; Auto               ; Auto               ;
; Shift Register Replacement - Allow Asynchronous Clear Signal                    ; On                 ; On                 ;
; Pre-Mapping Resynthesis Optimization                                            ; Off                ; Off                ;
; Analysis & Synthesis Message Level                                              ; Medium             ; Medium             ;
; Disable Register Merging Across Hierarchies                                     ; Auto               ; Auto               ;
; Resource Aware Inference For Block RAM                                          ; On                 ; On                 ;
; Automatic Parallel Synthesis                                                    ; On                 ; On                 ;
; Partial Reconfiguration Bitstream ID                                            ; Off                ; Off                ;
+---------------------------------------------------------------------------------+--------------------+--------------------+


+------------------------------------------+
; Parallel Compilation                     ;
+----------------------------+-------------+
; Processors                 ; Number      ;
+----------------------------+-------------+
; Number detected on machine ; 12          ;
; Maximum allowed            ; 12          ;
;                            ;             ;
; Average used               ; 1.00        ;
; Maximum used               ; 12          ;
;                            ;             ;
; Usage by Processor         ; % Time Used ;
;     Processor 1            ; 100.0%      ;
;     Processors 2-12        ;   0.0%      ;
+----------------------------+-------------+


+--------------------------------------------------------------------------------------------------------------------------------------------------------------+
; Analysis & Synthesis Source Files Read                                                                                                                       ;
+----------------------------------+-----------------+------------------------+----------------------------------------------------------------------+---------+
; File Name with User-Entered Path ; Used in Netlist ; File Type              ; File Name with Absolute Path                                         ; Library ;
+----------------------------------+-----------------+------------------------+----------------------------------------------------------------------+---------+
; statemachine/statemachine.v      ; yes             ; User Verilog HDL File  ; C:/Users/marco/OneDrive/Desktop/Lab 4/statemachine/statemachine.v    ;         ;
; Input Conditioning/inputcond.v   ; yes             ; User Verilog HDL File  ; C:/Users/marco/OneDrive/Desktop/Lab 4/Input Conditioning/inputcond.v ;         ;
; comparator/comparator.v          ; yes             ; User Verilog HDL File  ; C:/Users/marco/OneDrive/Desktop/Lab 4/comparator/comparator.v        ;         ;
; combochanger/combochanger.v      ; yes             ; User Verilog HDL File  ; C:/Users/marco/OneDrive/Desktop/Lab 4/combochanger/combochanger.v    ;         ;
; 7segdecoder/sevensegment.v       ; yes             ; User Verilog HDL File  ; C:/Users/marco/OneDrive/Desktop/Lab 4/7segdecoder/sevensegment.v     ;         ;
; 4bit registers/fourbitreg.v      ; yes             ; User Verilog HDL File  ; C:/Users/marco/OneDrive/Desktop/Lab 4/4bit registers/fourbitreg.v    ;         ;
; combinationlock.v                ; yes             ; User Verilog HDL File  ; C:/Users/marco/OneDrive/Desktop/Lab 4/combinationlock.v              ;         ;
+----------------------------------+-----------------+------------------------+----------------------------------------------------------------------+---------+


+-----------------------------------------------------------+
; Analysis & Synthesis Resource Usage Summary               ;
+---------------------------------------------+-------------+
; Resource                                    ; Usage       ;
+---------------------------------------------+-------------+
; Estimate of Logic utilization (ALMs needed) ; 18          ;
;                                             ;             ;
; Combinational ALUT usage for logic          ; 30          ;
;     -- 7 input functions                    ; 0           ;
;     -- 6 input functions                    ; 3           ;
;     -- 5 input functions                    ; 3           ;
;     -- 4 input functions                    ; 3           ;
;     -- <=3 input functions                  ; 21          ;
;                                             ;             ;
; Dedicated logic registers                   ; 25          ;
;                                             ;             ;
; I/O pins                                    ; 15          ;
;                                             ;             ;
; Total DSP Blocks                            ; 0           ;
;                                             ;             ;
; Maximum fan-out node                        ; clock~input ;
; Maximum fan-out                             ; 25          ;
; Total fan-out                               ; 185         ;
; Average fan-out                             ; 2.18        ;
+---------------------------------------------+-------------+


+-------------------------------------------------------------------------------------------------------------------------------------------------------------------------------------------------------------------------------+
; Analysis & Synthesis Resource Utilization by Entity                                                                                                                                                                           ;
+------------------------------------+---------------------+---------------------------+-------------------+------------+------+--------------+------------------------------------------------+-----------------+--------------+
; Compilation Hierarchy Node         ; Combinational ALUTs ; Dedicated Logic Registers ; Block Memory Bits ; DSP Blocks ; Pins ; Virtual Pins ; Full Hierarchy Name                            ; Entity Name     ; Library Name ;
+------------------------------------+---------------------+---------------------------+-------------------+------------+------+--------------+------------------------------------------------+-----------------+--------------+
; |combinationlock                   ; 30 (0)              ; 25 (0)                    ; 0                 ; 0          ; 15   ; 0            ; |combinationlock                               ; combinationlock ; work         ;
;    |combochanger:comb_3|           ; 3 (3)               ; 4 (4)                     ; 0                 ; 0          ; 0    ; 0            ; |combinationlock|combochanger:comb_3           ; combochanger    ; work         ;
;    |comparator:comp|               ; 2 (2)               ; 0 (0)                     ; 0                 ; 0          ; 0    ; 0            ; |combinationlock|comparator:comp               ; comparator      ; work         ;
;    |fourbitreg:inputx|             ; 0 (0)               ; 4 (4)                     ; 0                 ; 0          ; 0    ; 0            ; |combinationlock|fourbitreg:inputx             ; fourbitreg      ; work         ;
;    |fourbitreg:stored_combo|       ; 2 (2)               ; 4 (4)                     ; 0                 ; 0          ; 0    ; 0            ; |combinationlock|fourbitreg:stored_combo       ; fourbitreg      ; work         ;
;    |inputcond:change_conditioning| ; 4 (4)               ; 4 (4)                     ; 0                 ; 0          ; 0    ; 0            ; |combinationlock|inputcond:change_conditioning ; inputcond       ; work         ;
;    |inputcond:enter_conditioning|  ; 4 (4)               ; 4 (4)                     ; 0                 ; 0          ; 0    ; 0            ; |combinationlock|inputcond:enter_conditioning  ; inputcond       ; work         ;
;    |sevensegment:leddisplay|       ; 1 (1)               ; 0 (0)                     ; 0                 ; 0          ; 0    ; 0            ; |combinationlock|sevensegment:leddisplay       ; sevensegment    ; work         ;
;    |statemachine:fsm|              ; 14 (14)             ; 5 (5)                     ; 0                 ; 0          ; 0    ; 0            ; |combinationlock|statemachine:fsm              ; statemachine    ; work         ;
+------------------------------------+---------------------+---------------------------+-------------------+------------+------+--------------+------------------------------------------------+-----------------+--------------+
Note: For table entries with two numbers listed, the numbers in parentheses indicate the number of resources of the given type used by the specific entity alone. The numbers listed outside of parentheses indicate the total resources of the given type used by the specific entity and all of its sub-entities in the hierarchy.


Encoding Type:  One-Hot
+-----------------------------------------------------------+
; State Machine - |combinationlock|statemachine:fsm|state   ;
+---------+---------+---------+---------+---------+---------+
; Name    ; state.D ; state.C ; state.B ; state.A ; state.E ;
+---------+---------+---------+---------+---------+---------+
; state.A ; 0       ; 0       ; 0       ; 0       ; 0       ;
; state.B ; 0       ; 0       ; 1       ; 1       ; 0       ;
; state.C ; 0       ; 1       ; 0       ; 1       ; 0       ;
; state.D ; 1       ; 0       ; 0       ; 1       ; 0       ;
; state.E ; 0       ; 0       ; 0       ; 1       ; 1       ;
+---------+---------+---------+---------+---------+---------+


Encoding Type:  One-Hot
+----------------------------------------------------------------------+
; State Machine - |combinationlock|inputcond:change_conditioning|pulse ;
+---------+---------+---------+----------------------------------------+
; Name    ; pulse.A ; pulse.C ; pulse.B                                ;
+---------+---------+---------+----------------------------------------+
; pulse.A ; 0       ; 0       ; 0                                      ;
; pulse.B ; 1       ; 0       ; 1                                      ;
; pulse.C ; 1       ; 1       ; 0                                      ;
+---------+---------+---------+----------------------------------------+


Encoding Type:  One-Hot
+---------------------------------------------------------------------+
; State Machine - |combinationlock|inputcond:enter_conditioning|pulse ;
+---------+---------+---------+---------------------------------------+
; Name    ; pulse.A ; pulse.C ; pulse.B                               ;
+---------+---------+---------+---------------------------------------+
; pulse.A ; 0       ; 0       ; 0                                     ;
; pulse.B ; 1       ; 0       ; 1                                     ;
; pulse.C ; 1       ; 1       ; 0                                     ;
+---------+---------+---------+---------------------------------------+


+----------------------------------------------------------------------------------------------------------+
; User-Specified and Inferred Latches                                                                      ;
+----------------------------------------------------+----------------------------+------------------------+
; Latch Name                                         ; Latch Enable Signal        ; Free of Timing Hazards ;
+----------------------------------------------------+----------------------------+------------------------+
; statemachine:fsm|state_changer.D_250               ; statemachine:fsm|Selector5 ; yes                    ;
; statemachine:fsm|state_changer.E_225               ; statemachine:fsm|Selector5 ; yes                    ;
; statemachine:fsm|state_changer.B_300               ; statemachine:fsm|Selector5 ; yes                    ;
; statemachine:fsm|state_changer.C_275               ; statemachine:fsm|Selector5 ; yes                    ;
; statemachine:fsm|state_changer.A_325               ; statemachine:fsm|Selector5 ; yes                    ;
; Number of user-specified and inferred latches = 5  ;                            ;                        ;
+----------------------------------------------------+----------------------------+------------------------+
Note: All latches listed above may not be present at the end of synthesis due to various synthesis optimizations.


+------------------------------------------------------------+
; Registers Removed During Synthesis                         ;
+---------------------------------------+--------------------+
; Register name                         ; Reason for Removal ;
+---------------------------------------+--------------------+
; statemachine:fsm|state~4              ; Lost fanout        ;
; statemachine:fsm|state~5              ; Lost fanout        ;
; Total Number of Removed Registers = 2 ;                    ;
+---------------------------------------+--------------------+


+------------------------------------------------------+
; General Register Statistics                          ;
+----------------------------------------------+-------+
; Statistic                                    ; Value ;
+----------------------------------------------+-------+
; Total registers                              ; 25    ;
; Number of registers using Synchronous Clear  ; 0     ;
; Number of registers using Synchronous Load   ; 0     ;
; Number of registers using Asynchronous Clear ; 17    ;
; Number of registers using Asynchronous Load  ; 0     ;
; Number of registers using Clock Enable       ; 4     ;
; Number of registers using Preset             ; 0     ;
+----------------------------------------------+-------+


+--------------------------------------------------+
; Inverted Register Statistics                     ;
+----------------------------------------+---------+
; Inverted Register                      ; Fan out ;
+----------------------------------------+---------+
; combochanger:comb_3|combo[1]           ; 1       ;
; combochanger:comb_3|combo[2]           ; 1       ;
; Total number of inverted registers = 2 ;         ;
+----------------------------------------+---------+


+------------------------------------------------------------------------------------------------------------------------------------------------------------------------+
; Multiplexer Restructuring Statistics (Restructuring Performed)                                                                                                         ;
+--------------------+-----------+---------------+----------------------+------------------------+------------+----------------------------------------------------------+
; Multiplexer Inputs ; Bus Width ; Baseline Area ; Area if Restructured ; Saving if Restructured ; Registered ; Example Multiplexer Output                               ;
+--------------------+-----------+---------------+----------------------+------------------------+------------+----------------------------------------------------------+
; 3:1                ; 2 bits    ; 4 LEs         ; 4 LEs                ; 0 LEs                  ; No         ; |combinationlock|sevensegment:leddisplay|leds[4]         ;
; 6:1                ; 2 bits    ; 8 LEs         ; 4 LEs                ; 4 LEs                  ; No         ; |combinationlock|inputcond:change_conditioning|Selector2 ;
; 6:1                ; 2 bits    ; 8 LEs         ; 4 LEs                ; 4 LEs                  ; No         ; |combinationlock|inputcond:enter_conditioning|Selector2  ;
+--------------------+-----------+---------------+----------------------+------------------------+------------+----------------------------------------------------------+


+---------------------------------------------------------------------------+
; Parameter Settings for User Entity Instance: inputcond:enter_conditioning ;
+----------------+-------+--------------------------------------------------+
; Parameter Name ; Value ; Type                                             ;
+----------------+-------+--------------------------------------------------+
; A              ; 00    ; Unsigned Binary                                  ;
; B              ; 01    ; Unsigned Binary                                  ;
; C              ; 10    ; Unsigned Binary                                  ;
+----------------+-------+--------------------------------------------------+
Note: In order to hide this table in the UI and the text report file, please set the "Show Parameter Settings in Synthesis Report" option in "Analysis and Synthesis Settings -> More Settings" to "Off".


+----------------------------------------------------------------------------+
; Parameter Settings for User Entity Instance: inputcond:change_conditioning ;
+----------------+-------+---------------------------------------------------+
; Parameter Name ; Value ; Type                                              ;
+----------------+-------+---------------------------------------------------+
; A              ; 00    ; Unsigned Binary                                   ;
; B              ; 01    ; Unsigned Binary                                   ;
; C              ; 10    ; Unsigned Binary                                   ;
+----------------+-------+---------------------------------------------------+
Note: In order to hide this table in the UI and the text report file, please set the "Show Parameter Settings in Synthesis Report" option in "Analysis and Synthesis Settings -> More Settings" to "Off".


+---------------------------------------------------------------+
; Parameter Settings for User Entity Instance: statemachine:fsm ;
+----------------+-------+--------------------------------------+
; Parameter Name ; Value ; Type                                 ;
+----------------+-------+--------------------------------------+
; A              ; 000   ; Unsigned Binary                      ;
; B              ; 001   ; Unsigned Binary                      ;
; C              ; 010   ; Unsigned Binary                      ;
; D              ; 011   ; Unsigned Binary                      ;
; E              ; 100   ; Unsigned Binary                      ;
+----------------+-------+--------------------------------------+
Note: In order to hide this table in the UI and the text report file, please set the "Show Parameter Settings in Synthesis Report" option in "Analysis and Synthesis Settings -> More Settings" to "Off".


+-----------------------------------------------------+
; Post-Synthesis Netlist Statistics for Top Partition ;
+-----------------------+-----------------------------+
; Type                  ; Count                       ;
+-----------------------+-----------------------------+
; arriav_ff             ; 25                          ;
;     CLR               ; 13                          ;
;     ENA CLR           ; 4                           ;
;     plain             ; 8                           ;
; arriav_lcell_comb     ; 34                          ;
;     normal            ; 34                          ;
;         0 data inputs ; 1                           ;
;         1 data inputs ; 8                           ;
;         2 data inputs ; 5                           ;
;         3 data inputs ; 11                          ;
;         4 data inputs ; 3                           ;
;         5 data inputs ; 3                           ;
;         6 data inputs ; 3                           ;
; boundary_port         ; 15                          ;
;                       ;                             ;
; Max LUT depth         ; 3.00                        ;
; Average LUT depth     ; 1.68                        ;
+-----------------------+-----------------------------+


+-------------------------------+
; Elapsed Time Per Partition    ;
+----------------+--------------+
; Partition Name ; Elapsed Time ;
+----------------+--------------+
; Top            ; 00:00:00     ;
+----------------+--------------+


+-------------------------------+
; Analysis & Synthesis Messages ;
+-------------------------------+
Info: *******************************************************************
Info: Running Quartus Prime Analysis & Synthesis
    Info: Version 22.1std.2 Build 922 07/20/2023 SC Standard Edition
    Info: Processing started: Fri Nov 17 00:24:37 2023
Info: Command: quartus_map --read_settings_files=on --write_settings_files=off combinationlock -c combinationlock
Warning (18236): Number of processors has not been specified which may cause overloading on shared machines.  Set the global assignment NUM_PARALLEL_PROCESSORS in your QSF to an appropriate value for best performance.
Info (20030): Parallel compilation is enabled and will use 12 of the 12 processors detected
Warning (10463): Verilog HDL Declaration warning at statemachine.v(3): "new" is SystemVerilog-2005 keyword File: C:/Users/marco/OneDrive/Desktop/Lab 4/statemachine/statemachine.v Line: 3
Info (12021): Found 1 design units, including 1 entities, in source file statemachine/statemachine.v
    Info (12023): Found entity 1: statemachine File: C:/Users/marco/OneDrive/Desktop/Lab 4/statemachine/statemachine.v Line: 1
Info (12021): Found 1 design units, including 1 entities, in source file input conditioning/inputcond.v
    Info (12023): Found entity 1: inputcond File: C:/Users/marco/OneDrive/Desktop/Lab 4/Input Conditioning/inputcond.v Line: 1
Info (12021): Found 1 design units, including 1 entities, in source file comparator/comparator.v
    Info (12023): Found entity 1: comparator File: C:/Users/marco/OneDrive/Desktop/Lab 4/comparator/comparator.v Line: 1
Warning (10463): Verilog HDL Declaration warning at combochanger.v(2): "new" is SystemVerilog-2005 keyword File: C:/Users/marco/OneDrive/Desktop/Lab 4/combochanger/combochanger.v Line: 2
Info (12021): Found 1 design units, including 1 entities, in source file combochanger/combochanger.v
    Info (12023): Found entity 1: combochanger File: C:/Users/marco/OneDrive/Desktop/Lab 4/combochanger/combochanger.v Line: 1
Warning (10463): Verilog HDL Declaration warning at sevensegment.v(2): "new" is SystemVerilog-2005 keyword File: C:/Users/marco/OneDrive/Desktop/Lab 4/7segdecoder/sevensegment.v Line: 2
Info (12021): Found 1 design units, including 1 entities, in source file 7segdecoder/sevensegment.v
    Info (12023): Found entity 1: sevensegment File: C:/Users/marco/OneDrive/Desktop/Lab 4/7segdecoder/sevensegment.v Line: 1
Info (12021): Found 1 design units, including 1 entities, in source file 4bit registers/fourbitreg.v
    Info (12023): Found entity 1: fourbitreg File: C:/Users/marco/OneDrive/Desktop/Lab 4/4bit registers/fourbitreg.v Line: 1
Warning (10463): Verilog HDL Declaration warning at combinationlock.v(7): "new" is SystemVerilog-2005 keyword File: C:/Users/marco/OneDrive/Desktop/Lab 4/combinationlock.v Line: 7
Info (12021): Found 1 design units, including 1 entities, in source file combinationlock.v
    Info (12023): Found entity 1: combinationlock File: C:/Users/marco/OneDrive/Desktop/Lab 4/combinationlock.v Line: 1
Critical Warning (10846): Verilog HDL Instantiation warning at combinationlock.v(18): instance has no name File: C:/Users/marco/OneDrive/Desktop/Lab 4/combinationlock.v Line: 18
Info (12127): Elaborating entity "combinationlock" for the top level hierarchy
Info (12128): Elaborating entity "inputcond" for hierarchy "inputcond:enter_conditioning" File: C:/Users/marco/OneDrive/Desktop/Lab 4/combinationlock.v Line: 10
Info (12128): Elaborating entity "fourbitreg" for hierarchy "fourbitreg:inputx" File: C:/Users/marco/OneDrive/Desktop/Lab 4/combinationlock.v Line: 13
Info (12128): Elaborating entity "comparator" for hierarchy "comparator:comp" File: C:/Users/marco/OneDrive/Desktop/Lab 4/combinationlock.v Line: 16
Info (12128): Elaborating entity "combochanger" for hierarchy "combochanger:comb_3" File: C:/Users/marco/OneDrive/Desktop/Lab 4/combinationlock.v Line: 18
Info (12128): Elaborating entity "statemachine" for hierarchy "statemachine:fsm" File: C:/Users/marco/OneDrive/Desktop/Lab 4/combinationlock.v Line: 20
Warning (10235): Verilog HDL Always Construct warning at statemachine.v(10): variable "state" is read inside the Always Construct but isn't in the Always Construct's Event Control File: C:/Users/marco/OneDrive/Desktop/Lab 4/statemachine/statemachine.v Line: 10
Warning (10240): Verilog HDL Always Construct warning at statemachine.v(8): inferring latch(es) for variable "state_changer", which holds its previous value in one or more paths through the always construct File: C:/Users/marco/OneDrive/Desktop/Lab 4/statemachine/statemachine.v Line: 8
Info (10041): Inferred latch for "state_changer.E" at statemachine.v(8) File: C:/Users/marco/OneDrive/Desktop/Lab 4/statemachine/statemachine.v Line: 8
Info (10041): Inferred latch for "state_changer.D" at statemachine.v(8) File: C:/Users/marco/OneDrive/Desktop/Lab 4/statemachine/statemachine.v Line: 8
Info (10041): Inferred latch for "state_changer.C" at statemachine.v(8) File: C:/Users/marco/OneDrive/Desktop/Lab 4/statemachine/statemachine.v Line: 8
Info (10041): Inferred latch for "state_changer.B" at statemachine.v(8) File: C:/Users/marco/OneDrive/Desktop/Lab 4/statemachine/statemachine.v Line: 8
Info (10041): Inferred latch for "state_changer.A" at statemachine.v(8) File: C:/Users/marco/OneDrive/Desktop/Lab 4/statemachine/statemachine.v Line: 8
Info (12128): Elaborating entity "sevensegment" for hierarchy "sevensegment:leddisplay" File: C:/Users/marco/OneDrive/Desktop/Lab 4/combinationlock.v Line: 22
Warning (13012): Latch statemachine:fsm|state_changer.D_250 has unsafe behavior File: C:/Users/marco/OneDrive/Desktop/Lab 4/statemachine/statemachine.v Line: 8
    Warning (13013): Ports D and ENA on the latch are fed by the same signal statemachine:fsm|state.C File: C:/Users/marco/OneDrive/Desktop/Lab 4/statemachine/statemachine.v Line: 5
Warning (13012): Latch statemachine:fsm|state_changer.E_225 has unsafe behavior File: C:/Users/marco/OneDrive/Desktop/Lab 4/statemachine/statemachine.v Line: 8
    Warning (13013): Ports D and ENA on the latch are fed by the same signal inputcond:enter_conditioning|led File: C:/Users/marco/OneDrive/Desktop/Lab 4/Input Conditioning/inputcond.v Line: 3
Warning (13012): Latch statemachine:fsm|state_changer.B_300 has unsafe behavior File: C:/Users/marco/OneDrive/Desktop/Lab 4/statemachine/statemachine.v Line: 8
    Warning (13013): Ports D and ENA on the latch are fed by the same signal statemachine:fsm|state.C File: C:/Users/marco/OneDrive/Desktop/Lab 4/statemachine/statemachine.v Line: 5
Warning (13012): Latch statemachine:fsm|state_changer.C_275 has unsafe behavior File: C:/Users/marco/OneDrive/Desktop/Lab 4/statemachine/statemachine.v Line: 8
    Warning (13013): Ports D and ENA on the latch are fed by the same signal statemachine:fsm|state.C File: C:/Users/marco/OneDrive/Desktop/Lab 4/statemachine/statemachine.v Line: 5
Warning (13012): Latch statemachine:fsm|state_changer.A_325 has unsafe behavior File: C:/Users/marco/OneDrive/Desktop/Lab 4/statemachine/statemachine.v Line: 8
    Warning (13013): Ports D and ENA on the latch are fed by the same signal inputcond:enter_conditioning|led File: C:/Users/marco/OneDrive/Desktop/Lab 4/Input Conditioning/inputcond.v Line: 3
Warning (13024): Output pins are stuck at VCC or GND
    Warning (13410): Pin "leds[6]" is stuck at GND File: C:/Users/marco/OneDrive/Desktop/Lab 4/combinationlock.v Line: 4
Info (286030): Timing-Driven Synthesis is running
Info (17049): 2 registers lost all their fanouts during netlist optimizations.
Info (16010): Generating hard_block partition "hard_block:auto_generated_inst"
    Info (16011): Adding 0 node(s), including 0 DDIO, 0 PLL, 0 transceiver and 0 LCELL
Info (21057): Implemented 57 device resources after synthesis - the final resource count might be different
    Info (21058): Implemented 8 input pins
    Info (21059): Implemented 7 output pins
    Info (21061): Implemented 42 logic cells
Info: Quartus Prime Analysis & Synthesis was successful. 0 errors, 20 warnings
    Info: Peak virtual memory: 4881 megabytes
    Info: Processing ended: Fri Nov 17 00:24:45 2023
    Info: Elapsed time: 00:00:08
    Info: Total CPU time (on all processors): 00:00:09


